mode: set
github.com/umputun/secrets/app/server/middleware.go:33.75,35.37 1 1
github.com/umputun/secrets/app/server/middleware.go:35.37,36.29 1 1
github.com/umputun/secrets/app/server/middleware.go:36.29,37.33 1 0
github.com/umputun/secrets/app/server/middleware.go:37.33,39.5 1 0
github.com/umputun/secrets/app/server/middleware.go:41.3,41.15 1 1
github.com/umputun/secrets/app/server/middleware.go:44.2,44.41 1 1
github.com/umputun/secrets/app/server/middleware.go:44.41,46.54 1 1
github.com/umputun/secrets/app/server/middleware.go:46.54,49.35 2 1
github.com/umputun/secrets/app/server/middleware.go:49.35,50.25 1 1
github.com/umputun/secrets/app/server/middleware.go:50.25,51.56 1 0
github.com/umputun/secrets/app/server/middleware.go:51.56,55.23 3 0
github.com/umputun/secrets/app/server/middleware.go:55.23,58.8 2 0
github.com/umputun/secrets/app/server/middleware.go:60.7,60.32 1 0
github.com/umputun/secrets/app/server/middleware.go:60.32,62.8 1 0
github.com/umputun/secrets/app/server/middleware.go:65.5,65.18 1 1
github.com/umputun/secrets/app/server/middleware.go:68.4,69.17 2 1
github.com/umputun/secrets/app/server/middleware.go:69.17,73.53 3 1
github.com/umputun/secrets/app/server/middleware.go:73.53,75.6 1 1
github.com/umputun/secrets/app/server/middleware.go:77.5,77.48 1 1
github.com/umputun/secrets/app/server/middleware.go:77.48,79.48 2 1
github.com/umputun/secrets/app/server/middleware.go:79.48,81.7 1 1
github.com/umputun/secrets/app/server/middleware.go:83.5,85.55 1 1
github.com/umputun/secrets/app/server/middleware.go:88.4,88.22 1 1
github.com/umputun/secrets/app/server/middleware.go:90.3,90.30 1 1
github.com/umputun/secrets/app/server/middleware.go:93.2,93.10 1 1
github.com/umputun/secrets/app/server/server.go:45.66,47.16 2 1
github.com/umputun/secrets/app/server/server.go:47.16,49.3 1 0
github.com/umputun/secrets/app/server/server.go:50.2,55.8 1 1
github.com/umputun/secrets/app/server/server.go:65.48,76.12 3 0
github.com/umputun/secrets/app/server/server.go:76.12,78.24 2 0
github.com/umputun/secrets/app/server/server.go:78.24,79.51 1 0
github.com/umputun/secrets/app/server/server.go:79.51,81.5 1 0
github.com/umputun/secrets/app/server/server.go:85.2,88.43 3 0
github.com/umputun/secrets/app/server/server.go:88.43,90.3 1 0
github.com/umputun/secrets/app/server/server.go:91.2,91.12 1 0
github.com/umputun/secrets/app/server/server.go:94.37,102.45 6 1
github.com/umputun/secrets/app/server/server.go:102.45,107.3 4 1
github.com/umputun/secrets/app/server/server.go:109.2,109.73 1 1
github.com/umputun/secrets/app/server/server.go:109.73,111.3 1 0
github.com/umputun/secrets/app/server/server.go:113.2,113.63 1 1
github.com/umputun/secrets/app/server/server.go:113.63,114.47 1 0
github.com/umputun/secrets/app/server/server.go:114.47,118.4 3 0
github.com/umputun/secrets/app/server/server.go:120.3,120.75 1 0
github.com/umputun/secrets/app/server/server.go:123.2,123.34 1 1
github.com/umputun/secrets/app/server/server.go:123.34,131.3 7 1
github.com/umputun/secrets/app/server/server.go:133.2,134.16 2 1
github.com/umputun/secrets/app/server/server.go:134.16,136.3 1 0
github.com/umputun/secrets/app/server/server.go:138.2,140.15 2 1
github.com/umputun/secrets/app/server/server.go:143.73,150.60 2 1
github.com/umputun/secrets/app/server/server.go:150.60,155.3 4 0
github.com/umputun/secrets/app/server/server.go:157.2,157.39 1 1
github.com/umputun/secrets/app/server/server.go:157.39,162.3 4 0
github.com/umputun/secrets/app/server/server.go:164.2,165.16 2 1
github.com/umputun/secrets/app/server/server.go:165.16,169.3 3 0
github.com/umputun/secrets/app/server/server.go:170.2,171.57 2 1
github.com/umputun/secrets/app/server/server.go:175.72,178.57 2 1
github.com/umputun/secrets/app/server/server.go:178.57,183.3 4 0
github.com/umputun/secrets/app/server/server.go:185.2,185.48 1 1
github.com/umputun/secrets/app/server/server.go:185.48,187.17 2 1
github.com/umputun/secrets/app/server/server.go:187.17,189.40 2 1
github.com/umputun/secrets/app/server/server.go:189.40,191.5 1 1
github.com/umputun/secrets/app/server/server.go:192.4,192.60 1 1
github.com/umputun/secrets/app/server/server.go:194.3,194.74 1 1
github.com/umputun/secrets/app/server/server.go:198.2,202.24 5 1
github.com/umputun/secrets/app/server/server.go:206.71,217.2 2 1
github.com/umputun/secrets/app/server/web.go:56.92,58.9 2 0
github.com/umputun/secrets/app/server/web.go:58.9,63.3 4 0
github.com/umputun/secrets/app/server/web.go:65.2,67.20 2 0
github.com/umputun/secrets/app/server/web.go:67.20,69.3 1 0
github.com/umputun/secrets/app/server/web.go:70.2,71.16 2 0
github.com/umputun/secrets/app/server/web.go:71.16,75.3 3 0
github.com/umputun/secrets/app/server/web.go:77.2,79.16 3 0
github.com/umputun/secrets/app/server/web.go:79.16,83.3 3 0
github.com/umputun/secrets/app/server/web.go:88.67,98.2 2 0
github.com/umputun/secrets/app/server/web.go:106.74,108.16 2 0
github.com/umputun/secrets/app/server/web.go:108.16,111.3 2 0
github.com/umputun/secrets/app/server/web.go:113.2,120.30 3 0
github.com/umputun/secrets/app/server/web.go:120.30,121.51 1 0
github.com/umputun/secrets/app/server/web.go:121.51,123.9 2 0
github.com/umputun/secrets/app/server/web.go:127.2,135.16 7 0
github.com/umputun/secrets/app/server/web.go:135.16,137.3 1 0
github.com/umputun/secrets/app/server/web.go:138.2,143.19 4 0
github.com/umputun/secrets/app/server/web.go:143.19,154.3 4 0
github.com/umputun/secrets/app/server/web.go:156.2,157.16 2 0
github.com/umputun/secrets/app/server/web.go:157.16,160.3 2 0
github.com/umputun/secrets/app/server/web.go:162.2,164.76 2 0
github.com/umputun/secrets/app/server/web.go:171.77,184.2 4 0
github.com/umputun/secrets/app/server/web.go:188.71,190.2 1 0
github.com/umputun/secrets/app/server/web.go:197.73,199.16 2 0
github.com/umputun/secrets/app/server/web.go:199.16,202.3 2 0
github.com/umputun/secrets/app/server/web.go:204.2,209.30 3 0
github.com/umputun/secrets/app/server/web.go:209.30,210.51 1 0
github.com/umputun/secrets/app/server/web.go:210.51,212.9 2 0
github.com/umputun/secrets/app/server/web.go:216.2,216.19 1 0
github.com/umputun/secrets/app/server/web.go:216.19,227.3 4 0
github.com/umputun/secrets/app/server/web.go:229.2,230.16 2 0
github.com/umputun/secrets/app/server/web.go:230.16,231.83 1 0
github.com/umputun/secrets/app/server/web.go:231.83,234.4 2 0
github.com/umputun/secrets/app/server/web.go:235.3,247.9 6 0
github.com/umputun/secrets/app/server/web.go:250.2,250.94 1 0
github.com/umputun/secrets/app/server/web.go:254.49,255.14 1 1
github.com/umputun/secrets/app/server/web.go:256.11,257.40 1 1
github.com/umputun/secrets/app/server/web.go:258.11,259.38 1 1
github.com/umputun/secrets/app/server/web.go:260.11,261.41 1 1
github.com/umputun/secrets/app/server/web.go:262.10,263.26 1 1
github.com/umputun/secrets/app/server/web.go:268.44,269.9 1 1
github.com/umputun/secrets/app/server/web.go:270.23,271.50 1 1
github.com/umputun/secrets/app/server/web.go:272.21,273.50 1 1
github.com/umputun/secrets/app/server/web.go:274.24,275.46 1 1
github.com/umputun/secrets/app/server/web.go:276.10,277.50 1 1
github.com/umputun/secrets/app/server/web.go:282.64,287.16 3 1
github.com/umputun/secrets/app/server/web.go:287.16,289.3 1 0
github.com/umputun/secrets/app/server/web.go:291.2,291.29 1 1
github.com/umputun/secrets/app/server/web.go:291.29,301.17 4 1
github.com/umputun/secrets/app/server/web.go:301.17,303.4 1 0
github.com/umputun/secrets/app/server/web.go:304.3,304.19 1 1
github.com/umputun/secrets/app/server/web.go:307.2,307.19 1 1
github.com/umputun/secrets/app/server/web.go:311.25,313.24 2 0
github.com/umputun/secrets/app/server/web.go:313.24,315.3 1 0
github.com/umputun/secrets/app/server/web.go:316.2,316.15 1 0
